<?xml version="1.0" encoding="UTF-8"?>
<!-- Generated by org.testng.reporters.JUnitReportReporter -->
<testsuite hostname="LAPTOP-DOBLN3AU" failures="0" tests="2" name="testNgScripts.TestMethodDemo" time="33.654" errors="0" timestamp="2021-09-15T14:27:32 IST" skipped="0">
  <testcase classname="testNgScripts.TestMethodDemo" name="clickViews" time="11.666"/>
  <system-out/>
  <testcase classname="testNgScripts.TestMethodDemo" name="Scrolltillend" time="21.988"/>
  <system-out/>
</testsuite> <!-- testNgScripts.TestMethodDemo -->
