<?xml version="1.0" encoding="UTF-8"?>
<!-- Generated by org.testng.reporters.JUnitReportReporter -->
<testsuite hostname="LAPTOP-DOBLN3AU" failures="0" tests="3" name="testNgScripts.BeforeClassDemo" time="15.496" errors="0" timestamp="2021-09-15T15:19:12 IST" skipped="0">
  <testcase classname="testNgScripts.BeforeClassDemo" name="clickonViews" time="2.173"/>
  <system-out/>
  <testcase classname="testNgScripts.BeforeClassDemo" name="Scroll" time="10.466"/>
  <system-out/>
  <testcase classname="testNgScripts.BeforeClassDemo" name="RatingStars" time="2.857"/>
  <system-out/>
</testsuite> <!-- testNgScripts.BeforeClassDemo -->
