<?xml version="1.0" encoding="UTF-8"?>
<!-- Generated by org.testng.reporters.JUnitReportReporter -->
<testsuite hostname="LAPTOP-DOBLN3AU" failures="0" tests="2" name="testNgScripts.ParameterDemoGoogle" time="51.042" errors="0" timestamp="2021-09-15T15:31:29 IST" skipped="0">
  <testcase classname="testNgScripts.ParameterDemoGoogle" name="webappGoogle" time="28.534"/>
  <system-out/>
  <testcase classname="testNgScripts.ParameterDemoGoogle" name="webappGoogle" time="22.508"/>
  <system-out/>
</testsuite> <!-- testNgScripts.ParameterDemoGoogle -->
