<?xml version="1.0" encoding="UTF-8"?>
<!-- Generated by org.testng.reporters.JUnitReportReporter -->
<testsuite hostname="LAPTOP-DOBLN3AU" failures="0" tests="4" name="testngscripts.ApiDemotest" time="26.339" errors="0" timestamp="2021-09-15T13:40:34 IST" skipped="0">
  <testcase classname="testngscripts.ApiDemotest" name="clickDragDrop" time="7.670"/>
  <system-out/>
  <testcase classname="testngscripts.ApiDemotest" name="clickDragDrop" time="7.275"/>
  <system-out/>
  <testcase classname="testngscripts.ApiDemotest" name="movetoDemo" time="5.706"/>
  <system-out/>
  <testcase classname="testngscripts.ApiDemotest" name="movetoDemo" time="5.688"/>
  <system-out/>
</testsuite> <!-- testngscripts.ApiDemotest -->
