<?xml version="1.0" encoding="UTF-8"?>
<!-- Generated by org.testng.reporters.JUnitReportReporter -->
<testsuite hostname="LAPTOP-DOBLN3AU" failures="0" tests="2" name="testNgScripts.BeforeMethodDemo" time="31.013" errors="0" timestamp="2021-09-15T15:19:13 IST" skipped="0">
  <testcase classname="testNgScripts.BeforeMethodDemo" name="clickDemo" time="11.407"/>
  <system-out/>
  <testcase classname="testNgScripts.BeforeMethodDemo" name="dragandDropDemo" time="19.606"/>
  <system-out/>
</testsuite> <!-- testNgScripts.BeforeMethodDemo -->
