<?xml version="1.0" encoding="UTF-8"?>
<!-- Generated by org.testng.reporters.JUnitReportReporter -->
<testsuite hostname="LAPTOP-DOBLN3AU" failures="0" tests="1" name="scripts16Sep.EmulatorTestScript" time="25.266" errors="0" timestamp="2021-09-16T14:35:47 IST" skipped="0">
  <testcase classname="scripts16Sep.EmulatorTestScript" name="emulatorApiDemos" time="25.266"/>
  <system-out/>
</testsuite> <!-- scripts16Sep.EmulatorTestScript -->
