<?xml version="1.0" encoding="UTF-8"?>
<!-- Generated by org.testng.reporters.JUnitReportReporter -->
<testsuite hostname="LAPTOP-DOBLN3AU" failures="0" tests="1" name="parallelTests.RealDeviceTest" time="23.655" errors="0" timestamp="2021-09-16T14:00:01 IST" skipped="0">
  <testcase classname="parallelTests.RealDeviceTest" name="setup" time="23.655"/>
  <system-out/>
</testsuite> <!-- parallelTests.RealDeviceTest -->
