<?xml version="1.0" encoding="UTF-8"?>
<!-- Generated by org.testng.reporters.JUnitReportReporter -->
<testsuite hostname="LAPTOP-DOBLN3AU" failures="0" tests="2" name="testngscripts.ApiDemosbeforeMethod" time="41.131" errors="0" timestamp="2021-09-15T13:41:50 IST" skipped="0">
  <testcase classname="testngscripts.ApiDemosbeforeMethod" name="clickDragDrop" time="19.486"/>
  <system-out/>
  <testcase classname="testngscripts.ApiDemosbeforeMethod" name="Scroll" time="21.645"/>
  <system-out/>
</testsuite> <!-- testngscripts.ApiDemosbeforeMethod -->
