<?xml version="1.0" encoding="UTF-8"?>
<!-- Generated by org.testng.reporters.JUnitReportReporter -->
<testsuite hostname="LAPTOP-DOBLN3AU" failures="0" tests="3" name="testNgScripts.Annotations" time="0.022" errors="0" timestamp="2021-09-15T15:19:12 IST" skipped="0">
  <testcase classname="testNgScripts.Annotations" name="modifyEmail" time="0.013"/>
  <system-out/>
  <testcase classname="testNgScripts.Annotations" name="DeleteEmail" time="0.006"/>
  <system-out/>
  <testcase classname="testNgScripts.Annotations" name="createEmail" time="0.003"/>
  <system-out/>
</testsuite> <!-- testNgScripts.Annotations -->
