<?xml version="1.0" encoding="UTF-8"?>
<!-- Generated by org.testng.reporters.JUnitReportReporter -->
<testsuite hostname="LAPTOP-DOBLN3AU" failures="0" tests="3" name="testNgScripts.BeforeClassDemo" time="13.946" errors="0" timestamp="16 Sep 2021 05:44:29 GMT" skipped="0">
  <testcase classname="testNgScripts.BeforeClassDemo" name="clickonViews" time="1.813"/>
  <testcase classname="testNgScripts.BeforeClassDemo" name="Scroll" time="9.273"/>
  <testcase classname="testNgScripts.BeforeClassDemo" name="RatingStars" time="2.860"/>
</testsuite> <!-- testNgScripts.BeforeClassDemo -->
