<?xml version="1.0" encoding="UTF-8"?>
<!-- Generated by org.testng.reporters.JUnitReportReporter -->
<testsuite hostname="LAPTOP-DOBLN3AU" failures="0" tests="1" name="scripts16Sep.EmulatorTestScript" time="31.178" errors="0" timestamp="16 Sep 2021 11:48:30 GMT" skipped="0">
  <testcase classname="scripts16Sep.EmulatorTestScript" name="emulatorApiDemos" time="31.178"/>
</testsuite> <!-- scripts16Sep.EmulatorTestScript -->
